{"/Users/saifullahsaeed/Desktop/projects/datastore/src/index.ts": {"path":"/Users/saifullahsaeed/Desktop/projects/datastore/src/index.ts","statementMap":{"0":{"start":{"line":3,"column":0},"end":{"line":3,"column":30}},"1":{"start":{"line":4,"column":0},"end":{"line":4,"column":76}},"2":{"start":{"line":5,"column":0},"end":{"line":5,"column":66}},"3":{"start":{"line":7,"column":12},"end":{"line":7,"column":21}},"4":{"start":{"line":8,"column":13},"end":{"line":8,"column":17}},"5":{"start":{"line":10,"column":0},"end":{"line":10,"column":24}},"6":{"start":{"line":13,"column":30},"end":{"line":13,"column":57}},"7":{"start":{"line":14,"column":0},"end":{"line":14,"column":56}},"8":{"start":{"line":15,"column":0},"end":{"line":15,"column":55}},"9":{"start":{"line":16,"column":0},"end":{"line":16,"column":61}},"10":{"start":{"line":17,"column":0},"end":{"line":17,"column":59}},"11":{"start":{"line":18,"column":0},"end":{"line":18,"column":62}},"12":{"start":{"line":21,"column":25},"end":{"line":21,"column":47}},"13":{"start":{"line":22,"column":0},"end":{"line":22,"column":46}},"14":{"start":{"line":23,"column":0},"end":{"line":23,"column":45}},"15":{"start":{"line":24,"column":0},"end":{"line":24,"column":51}},"16":{"start":{"line":25,"column":0},"end":{"line":25,"column":49}},"17":{"start":{"line":26,"column":0},"end":{"line":26,"column":52}},"18":{"start":{"line":28,"column":0},"end":{"line":30,"column":3}},"19":{"start":{"line":29,"column":2},"end":{"line":29,"column":51}},"20":{"start":{"line":32,"column":0},"end":{"line":32,"column":19}}},"fnMap":{"0":{"name":"(anonymous_1)","decl":{"start":{"line":28,"column":17},"end":{"line":28,"column":20}},"loc":{"start":{"line":28,"column":22},"end":{"line":30,"column":1}}}},"branchMap":{},"s":{"0":1,"1":1,"2":1,"3":1,"4":1,"5":1,"6":1,"7":1,"8":1,"9":1,"10":1,"11":1,"12":1,"13":1,"14":1,"15":1,"16":1,"17":1,"18":1,"19":1,"20":1},"f":{"0":1},"b":{}}
,"/Users/saifullahsaeed/Desktop/projects/datastore/src/controllers/declarationController.ts": {"path":"/Users/saifullahsaeed/Desktop/projects/datastore/src/controllers/declarationController.ts","statementMap":{"0":{"start":{"line":2,"column":0},"end":{"line":2,"column":68}},"1":{"start":{"line":11,"column":2},"end":{"line":18,"column":4}},"2":{"start":{"line":11,"column":49},"end":{"line":18,"column":4}},"3":{"start":{"line":12,"column":4},"end":{"line":17,"column":5}},"4":{"start":{"line":13,"column":27},"end":{"line":13,"column":65}},"5":{"start":{"line":14,"column":6},"end":{"line":14,"column":29}},"6":{"start":{"line":16,"column":6},"end":{"line":16,"column":55}},"7":{"start":{"line":20,"column":2},"end":{"line":27,"column":4}},"8":{"start":{"line":20,"column":49},"end":{"line":27,"column":4}},"9":{"start":{"line":21,"column":4},"end":{"line":26,"column":5}},"10":{"start":{"line":22,"column":26},"end":{"line":22,"column":72}},"11":{"start":{"line":23,"column":6},"end":{"line":23,"column":28}},"12":{"start":{"line":25,"column":6},"end":{"line":25,"column":55}},"13":{"start":{"line":29,"column":2},"end":{"line":38,"column":4}},"14":{"start":{"line":29,"column":51},"end":{"line":38,"column":4}},"15":{"start":{"line":30,"column":4},"end":{"line":37,"column":5}},"16":{"start":{"line":31,"column":26},"end":{"line":32,"column":null}},"17":{"start":{"line":34,"column":6},"end":{"line":34,"column":28}},"18":{"start":{"line":36,"column":6},"end":{"line":36,"column":55}},"19":{"start":{"line":40,"column":2},"end":{"line":50,"column":4}},"20":{"start":{"line":40,"column":49},"end":{"line":50,"column":4}},"21":{"start":{"line":41,"column":4},"end":{"line":49,"column":5}},"22":{"start":{"line":42,"column":33},"end":{"line":44,"column":null}},"23":{"start":{"line":46,"column":6},"end":{"line":46,"column":35}},"24":{"start":{"line":48,"column":6},"end":{"line":48,"column":55}},"25":{"start":{"line":52,"column":2},"end":{"line":59,"column":4}},"26":{"start":{"line":52,"column":49},"end":{"line":59,"column":4}},"27":{"start":{"line":53,"column":4},"end":{"line":58,"column":5}},"28":{"start":{"line":54,"column":6},"end":{"line":54,"column":68}},"29":{"start":{"line":55,"column":6},"end":{"line":55,"column":64}},"30":{"start":{"line":57,"column":6},"end":{"line":57,"column":55}},"31":{"start":{"line":8,"column":4},"end":{"line":8,"column":55}},"32":{"start":{"line":4,"column":0},"end":{"line":4,"column":13}}},"fnMap":{"0":{"name":"(anonymous_7)","decl":{"start":{"line":7,"column":2},"end":{"line":7,"column":null}},"loc":{"start":{"line":7,"column":2},"end":{"line":9,"column":3}}},"1":{"name":"(anonymous_8)","decl":{"start":{"line":11,"column":11},"end":{"line":11,"column":18}},"loc":{"start":{"line":11,"column":49},"end":{"line":18,"column":4}}},"2":{"name":"(anonymous_9)","decl":{"start":{"line":11,"column":49},"end":{"line":11,"column":null}},"loc":{"start":{"line":11,"column":49},"end":{"line":18,"column":3}}},"3":{"name":"(anonymous_10)","decl":{"start":{"line":20,"column":11},"end":{"line":20,"column":18}},"loc":{"start":{"line":20,"column":49},"end":{"line":27,"column":4}}},"4":{"name":"(anonymous_11)","decl":{"start":{"line":20,"column":49},"end":{"line":20,"column":null}},"loc":{"start":{"line":20,"column":49},"end":{"line":27,"column":3}}},"5":{"name":"(anonymous_12)","decl":{"start":{"line":29,"column":13},"end":{"line":29,"column":20}},"loc":{"start":{"line":29,"column":51},"end":{"line":38,"column":4}}},"6":{"name":"(anonymous_13)","decl":{"start":{"line":29,"column":51},"end":{"line":29,"column":null}},"loc":{"start":{"line":29,"column":51},"end":{"line":38,"column":3}}},"7":{"name":"(anonymous_14)","decl":{"start":{"line":40,"column":11},"end":{"line":40,"column":18}},"loc":{"start":{"line":40,"column":49},"end":{"line":50,"column":4}}},"8":{"name":"(anonymous_15)","decl":{"start":{"line":40,"column":49},"end":{"line":40,"column":null}},"loc":{"start":{"line":40,"column":49},"end":{"line":50,"column":3}}},"9":{"name":"(anonymous_16)","decl":{"start":{"line":52,"column":11},"end":{"line":52,"column":18}},"loc":{"start":{"line":52,"column":49},"end":{"line":59,"column":4}}},"10":{"name":"(anonymous_17)","decl":{"start":{"line":52,"column":49},"end":{"line":52,"column":null}},"loc":{"start":{"line":52,"column":49},"end":{"line":59,"column":3}}}},"branchMap":{},"s":{"0":1,"1":1,"2":1,"3":1,"4":1,"5":1,"6":0,"7":1,"8":1,"9":1,"10":1,"11":1,"12":0,"13":1,"14":1,"15":1,"16":1,"17":1,"18":0,"19":1,"20":1,"21":1,"22":1,"23":1,"24":0,"25":1,"26":1,"27":1,"28":1,"29":1,"30":0,"31":1,"32":1},"f":{"0":1,"1":1,"2":1,"3":1,"4":1,"5":1,"6":1,"7":1,"8":1,"9":1,"10":1},"b":{}}
,"/Users/saifullahsaeed/Desktop/projects/datastore/src/controllers/weaponController.ts": {"path":"/Users/saifullahsaeed/Desktop/projects/datastore/src/controllers/weaponController.ts","statementMap":{"0":{"start":{"line":2,"column":0},"end":{"line":2,"column":58}},"1":{"start":{"line":11,"column":2},"end":{"line":18,"column":4}},"2":{"start":{"line":11,"column":49},"end":{"line":18,"column":4}},"3":{"start":{"line":12,"column":4},"end":{"line":17,"column":5}},"4":{"start":{"line":13,"column":22},"end":{"line":13,"column":55}},"5":{"start":{"line":14,"column":6},"end":{"line":14,"column":24}},"6":{"start":{"line":16,"column":6},"end":{"line":16,"column":55}},"7":{"start":{"line":20,"column":2},"end":{"line":27,"column":4}},"8":{"start":{"line":20,"column":49},"end":{"line":27,"column":4}},"9":{"start":{"line":21,"column":4},"end":{"line":26,"column":5}},"10":{"start":{"line":22,"column":21},"end":{"line":22,"column":62}},"11":{"start":{"line":23,"column":6},"end":{"line":23,"column":23}},"12":{"start":{"line":25,"column":6},"end":{"line":25,"column":55}},"13":{"start":{"line":29,"column":2},"end":{"line":36,"column":4}},"14":{"start":{"line":29,"column":51},"end":{"line":36,"column":4}},"15":{"start":{"line":30,"column":4},"end":{"line":35,"column":5}},"16":{"start":{"line":31,"column":21},"end":{"line":31,"column":79}},"17":{"start":{"line":32,"column":6},"end":{"line":32,"column":23}},"18":{"start":{"line":34,"column":6},"end":{"line":34,"column":55}},"19":{"start":{"line":38,"column":2},"end":{"line":48,"column":4}},"20":{"start":{"line":38,"column":49},"end":{"line":48,"column":4}},"21":{"start":{"line":39,"column":4},"end":{"line":47,"column":5}},"22":{"start":{"line":40,"column":28},"end":{"line":42,"column":null}},"23":{"start":{"line":44,"column":6},"end":{"line":44,"column":30}},"24":{"start":{"line":46,"column":6},"end":{"line":46,"column":55}},"25":{"start":{"line":50,"column":2},"end":{"line":57,"column":4}},"26":{"start":{"line":50,"column":49},"end":{"line":57,"column":4}},"27":{"start":{"line":51,"column":4},"end":{"line":56,"column":5}},"28":{"start":{"line":52,"column":6},"end":{"line":52,"column":63}},"29":{"start":{"line":53,"column":6},"end":{"line":53,"column":59}},"30":{"start":{"line":55,"column":6},"end":{"line":55,"column":55}},"31":{"start":{"line":8,"column":4},"end":{"line":8,"column":45}},"32":{"start":{"line":4,"column":0},"end":{"line":4,"column":13}}},"fnMap":{"0":{"name":"(anonymous_7)","decl":{"start":{"line":7,"column":2},"end":{"line":7,"column":null}},"loc":{"start":{"line":7,"column":2},"end":{"line":9,"column":3}}},"1":{"name":"(anonymous_8)","decl":{"start":{"line":11,"column":11},"end":{"line":11,"column":18}},"loc":{"start":{"line":11,"column":49},"end":{"line":18,"column":4}}},"2":{"name":"(anonymous_9)","decl":{"start":{"line":11,"column":49},"end":{"line":11,"column":null}},"loc":{"start":{"line":11,"column":49},"end":{"line":18,"column":3}}},"3":{"name":"(anonymous_10)","decl":{"start":{"line":20,"column":11},"end":{"line":20,"column":18}},"loc":{"start":{"line":20,"column":49},"end":{"line":27,"column":4}}},"4":{"name":"(anonymous_11)","decl":{"start":{"line":20,"column":49},"end":{"line":20,"column":null}},"loc":{"start":{"line":20,"column":49},"end":{"line":27,"column":3}}},"5":{"name":"(anonymous_12)","decl":{"start":{"line":29,"column":13},"end":{"line":29,"column":20}},"loc":{"start":{"line":29,"column":51},"end":{"line":36,"column":4}}},"6":{"name":"(anonymous_13)","decl":{"start":{"line":29,"column":51},"end":{"line":29,"column":null}},"loc":{"start":{"line":29,"column":51},"end":{"line":36,"column":3}}},"7":{"name":"(anonymous_14)","decl":{"start":{"line":38,"column":11},"end":{"line":38,"column":18}},"loc":{"start":{"line":38,"column":49},"end":{"line":48,"column":4}}},"8":{"name":"(anonymous_15)","decl":{"start":{"line":38,"column":49},"end":{"line":38,"column":null}},"loc":{"start":{"line":38,"column":49},"end":{"line":48,"column":3}}},"9":{"name":"(anonymous_16)","decl":{"start":{"line":50,"column":11},"end":{"line":50,"column":18}},"loc":{"start":{"line":50,"column":49},"end":{"line":57,"column":4}}},"10":{"name":"(anonymous_17)","decl":{"start":{"line":50,"column":49},"end":{"line":50,"column":null}},"loc":{"start":{"line":50,"column":49},"end":{"line":57,"column":3}}}},"branchMap":{},"s":{"0":1,"1":1,"2":1,"3":1,"4":1,"5":1,"6":0,"7":1,"8":1,"9":1,"10":1,"11":1,"12":0,"13":1,"14":1,"15":1,"16":1,"17":1,"18":0,"19":1,"20":1,"21":1,"22":1,"23":1,"24":0,"25":1,"26":1,"27":1,"28":1,"29":1,"30":0,"31":1,"32":1},"f":{"0":1,"1":1,"2":1,"3":1,"4":1,"5":1,"6":1,"7":1,"8":1,"9":1,"10":1},"b":{}}
,"/Users/saifullahsaeed/Desktop/projects/datastore/src/services/declarationService.ts": {"path":"/Users/saifullahsaeed/Desktop/projects/datastore/src/services/declarationService.ts","statementMap":{"0":{"start":{"line":3,"column":0},"end":{"line":3,"column":59}},"1":{"start":{"line":5,"column":15},"end":{"line":5,"column":33}},"2":{"start":{"line":9,"column":4},"end":{"line":11,"column":7}},"3":{"start":{"line":16,"column":4},"end":{"line":18,"column":5}},"4":{"start":{"line":17,"column":6},"end":{"line":17,"column":43}},"5":{"start":{"line":20,"column":4},"end":{"line":22,"column":5}},"6":{"start":{"line":21,"column":6},"end":{"line":21,"column":47}},"7":{"start":{"line":24,"column":4},"end":{"line":26,"column":5}},"8":{"start":{"line":25,"column":6},"end":{"line":25,"column":45}},"9":{"start":{"line":28,"column":4},"end":{"line":30,"column":5}},"10":{"start":{"line":29,"column":6},"end":{"line":29,"column":54}},"11":{"start":{"line":32,"column":4},"end":{"line":34,"column":5}},"12":{"start":{"line":33,"column":6},"end":{"line":33,"column":51}},"13":{"start":{"line":36,"column":4},"end":{"line":36,"column":31}},"14":{"start":{"line":40,"column":4},"end":{"line":40,"column":47}},"15":{"start":{"line":44,"column":4},"end":{"line":44,"column":66}},"16":{"start":{"line":51,"column":4},"end":{"line":51,"column":68}},"17":{"start":{"line":55,"column":4},"end":{"line":55,"column":55}},"18":{"start":{"line":7,"column":0},"end":{"line":7,"column":13}}},"fnMap":{"0":{"name":"(anonymous_7)","decl":{"start":{"line":8,"column":8},"end":{"line":8,"column":14}},"loc":{"start":{"line":8,"column":41},"end":{"line":12,"column":null}}},"1":{"name":"(anonymous_9)","decl":{"start":{"line":15,"column":8},"end":{"line":15,"column":16}},"loc":{"start":{"line":15,"column":43},"end":{"line":37,"column":null}}},"2":{"name":"(anonymous_11)","decl":{"start":{"line":39,"column":8},"end":{"line":39,"column":14}},"loc":{"start":{"line":39,"column":14},"end":{"line":41,"column":null}}},"3":{"name":"(anonymous_13)","decl":{"start":{"line":43,"column":8},"end":{"line":43,"column":16}},"loc":{"start":{"line":43,"column":27},"end":{"line":45,"column":null}}},"4":{"name":"(anonymous_15)","decl":{"start":{"line":47,"column":8},"end":{"line":47,"column":14}},"loc":{"start":{"line":49,"column":30},"end":{"line":52,"column":null}}},"5":{"name":"(anonymous_17)","decl":{"start":{"line":54,"column":8},"end":{"line":54,"column":14}},"loc":{"start":{"line":54,"column":25},"end":{"line":56,"column":null}}}},"branchMap":{"0":{"loc":{"start":{"line":16,"column":4},"end":{"line":18,"column":5}},"type":"if","locations":[{"start":{"line":16,"column":4},"end":{"line":18,"column":5}}]},"1":{"loc":{"start":{"line":20,"column":4},"end":{"line":22,"column":5}},"type":"if","locations":[{"start":{"line":20,"column":4},"end":{"line":22,"column":5}}]},"2":{"loc":{"start":{"line":24,"column":4},"end":{"line":26,"column":5}},"type":"if","locations":[{"start":{"line":24,"column":4},"end":{"line":26,"column":5}}]},"3":{"loc":{"start":{"line":28,"column":4},"end":{"line":30,"column":5}},"type":"if","locations":[{"start":{"line":28,"column":4},"end":{"line":30,"column":5}}]},"4":{"loc":{"start":{"line":32,"column":4},"end":{"line":34,"column":5}},"type":"if","locations":[{"start":{"line":32,"column":4},"end":{"line":34,"column":5}}]}},"s":{"0":1,"1":1,"2":1,"3":1,"4":0,"5":1,"6":0,"7":1,"8":0,"9":1,"10":0,"11":1,"12":0,"13":1,"14":1,"15":1,"16":1,"17":1,"18":1},"f":{"0":1,"1":1,"2":1,"3":1,"4":1,"5":1},"b":{"0":[0],"1":[0],"2":[0],"3":[0],"4":[0]}}
,"/Users/saifullahsaeed/Desktop/projects/datastore/src/services/weaponService.ts": {"path":"/Users/saifullahsaeed/Desktop/projects/datastore/src/services/weaponService.ts","statementMap":{"0":{"start":{"line":1,"column":0},"end":{"line":1,"column":54}},"1":{"start":{"line":3,"column":15},"end":{"line":3,"column":33}},"2":{"start":{"line":7,"column":4},"end":{"line":7,"column":75}},"3":{"start":{"line":10,"column":4},"end":{"line":12,"column":5}},"4":{"start":{"line":11,"column":6},"end":{"line":11,"column":42}},"5":{"start":{"line":14,"column":4},"end":{"line":16,"column":5}},"6":{"start":{"line":15,"column":6},"end":{"line":15,"column":42}},"7":{"start":{"line":18,"column":4},"end":{"line":18,"column":26}},"8":{"start":{"line":22,"column":4},"end":{"line":22,"column":42}},"9":{"start":{"line":26,"column":4},"end":{"line":26,"column":61}},"10":{"start":{"line":30,"column":4},"end":{"line":30,"column":63}},"11":{"start":{"line":34,"column":4},"end":{"line":34,"column":50}},"12":{"start":{"line":5,"column":0},"end":{"line":5,"column":13}}},"fnMap":{"0":{"name":"(anonymous_7)","decl":{"start":{"line":6,"column":8},"end":{"line":6,"column":14}},"loc":{"start":{"line":6,"column":36},"end":{"line":8,"column":null}}},"1":{"name":"(anonymous_9)","decl":{"start":{"line":9,"column":8},"end":{"line":9,"column":16}},"loc":{"start":{"line":9,"column":38},"end":{"line":19,"column":null}}},"2":{"name":"(anonymous_11)","decl":{"start":{"line":21,"column":8},"end":{"line":21,"column":14}},"loc":{"start":{"line":21,"column":14},"end":{"line":23,"column":null}}},"3":{"name":"(anonymous_13)","decl":{"start":{"line":25,"column":8},"end":{"line":25,"column":16}},"loc":{"start":{"line":25,"column":27},"end":{"line":27,"column":null}}},"4":{"name":"(anonymous_15)","decl":{"start":{"line":29,"column":8},"end":{"line":29,"column":14}},"loc":{"start":{"line":29,"column":48},"end":{"line":31,"column":null}}},"5":{"name":"(anonymous_17)","decl":{"start":{"line":33,"column":8},"end":{"line":33,"column":14}},"loc":{"start":{"line":33,"column":25},"end":{"line":35,"column":null}}}},"branchMap":{"0":{"loc":{"start":{"line":10,"column":4},"end":{"line":12,"column":5}},"type":"if","locations":[{"start":{"line":10,"column":4},"end":{"line":12,"column":5}}]},"1":{"loc":{"start":{"line":14,"column":4},"end":{"line":16,"column":5}},"type":"if","locations":[{"start":{"line":14,"column":4},"end":{"line":16,"column":5}}]}},"s":{"0":1,"1":1,"2":1,"3":1,"4":0,"5":1,"6":0,"7":1,"8":1,"9":1,"10":1,"11":1,"12":1},"f":{"0":1,"1":1,"2":1,"3":1,"4":1,"5":1},"b":{"0":[0],"1":[0]}}
}
