TN:
SF:src/index.ts
FN:28,(anonymous_1)
FNF:1
FNH:1
FNDA:1,(anonymous_1)
DA:3,1
DA:4,1
DA:5,1
DA:7,1
DA:8,1
DA:10,1
DA:13,1
DA:14,1
DA:15,1
DA:16,1
DA:17,1
DA:18,1
DA:21,1
DA:22,1
DA:23,1
DA:24,1
DA:25,1
DA:26,1
DA:28,1
DA:29,1
DA:32,1
LF:21
LH:21
BRF:0
BRH:0
end_of_record
TN:
SF:src/controllers/declarationController.ts
FN:7,(anonymous_7)
FN:11,(anonymous_8)
FN:11,(anonymous_9)
FN:20,(anonymous_10)
FN:20,(anonymous_11)
FN:29,(anonymous_12)
FN:29,(anonymous_13)
FN:40,(anonymous_14)
FN:40,(anonymous_15)
FN:52,(anonymous_16)
FN:52,(anonymous_17)
FNF:11
FNH:11
FNDA:1,(anonymous_7)
FNDA:1,(anonymous_8)
FNDA:1,(anonymous_9)
FNDA:1,(anonymous_10)
FNDA:1,(anonymous_11)
FNDA:1,(anonymous_12)
FNDA:1,(anonymous_13)
FNDA:1,(anonymous_14)
FNDA:1,(anonymous_15)
FNDA:1,(anonymous_16)
FNDA:1,(anonymous_17)
DA:2,1
DA:4,1
DA:8,1
DA:11,1
DA:12,1
DA:13,1
DA:14,1
DA:16,0
DA:20,1
DA:21,1
DA:22,1
DA:23,1
DA:25,0
DA:29,1
DA:30,1
DA:31,1
DA:34,1
DA:36,0
DA:40,1
DA:41,1
DA:42,1
DA:46,1
DA:48,0
DA:52,1
DA:53,1
DA:54,1
DA:55,1
DA:57,0
LF:28
LH:23
BRF:0
BRH:0
end_of_record
TN:
SF:src/controllers/weaponController.ts
FN:7,(anonymous_7)
FN:11,(anonymous_8)
FN:11,(anonymous_9)
FN:20,(anonymous_10)
FN:20,(anonymous_11)
FN:29,(anonymous_12)
FN:29,(anonymous_13)
FN:38,(anonymous_14)
FN:38,(anonymous_15)
FN:50,(anonymous_16)
FN:50,(anonymous_17)
FNF:11
FNH:11
FNDA:1,(anonymous_7)
FNDA:1,(anonymous_8)
FNDA:1,(anonymous_9)
FNDA:1,(anonymous_10)
FNDA:1,(anonymous_11)
FNDA:1,(anonymous_12)
FNDA:1,(anonymous_13)
FNDA:1,(anonymous_14)
FNDA:1,(anonymous_15)
FNDA:1,(anonymous_16)
FNDA:1,(anonymous_17)
DA:2,1
DA:4,1
DA:8,1
DA:11,1
DA:12,1
DA:13,1
DA:14,1
DA:16,0
DA:20,1
DA:21,1
DA:22,1
DA:23,1
DA:25,0
DA:29,1
DA:30,1
DA:31,1
DA:32,1
DA:34,0
DA:38,1
DA:39,1
DA:40,1
DA:44,1
DA:46,0
DA:50,1
DA:51,1
DA:52,1
DA:53,1
DA:55,0
LF:28
LH:23
BRF:0
BRH:0
end_of_record
TN:
SF:src/services/declarationService.ts
FN:8,(anonymous_7)
FN:15,(anonymous_9)
FN:39,(anonymous_11)
FN:43,(anonymous_13)
FN:47,(anonymous_15)
FN:54,(anonymous_17)
FNF:6
FNH:6
FNDA:1,(anonymous_7)
FNDA:1,(anonymous_9)
FNDA:1,(anonymous_11)
FNDA:1,(anonymous_13)
FNDA:1,(anonymous_15)
FNDA:1,(anonymous_17)
DA:3,1
DA:5,1
DA:7,1
DA:9,1
DA:16,1
DA:17,0
DA:20,1
DA:21,0
DA:24,1
DA:25,0
DA:28,1
DA:29,0
DA:32,1
DA:33,0
DA:36,1
DA:40,1
DA:44,1
DA:51,1
DA:55,1
LF:19
LH:14
BRDA:16,0,0,0
BRDA:20,1,0,0
BRDA:24,2,0,0
BRDA:28,3,0,0
BRDA:32,4,0,0
BRF:5
BRH:0
end_of_record
TN:
SF:src/services/weaponService.ts
FN:6,(anonymous_7)
FN:9,(anonymous_9)
FN:21,(anonymous_11)
FN:25,(anonymous_13)
FN:29,(anonymous_15)
FN:33,(anonymous_17)
FNF:6
FNH:6
FNDA:1,(anonymous_7)
FNDA:1,(anonymous_9)
FNDA:1,(anonymous_11)
FNDA:1,(anonymous_13)
FNDA:1,(anonymous_15)
FNDA:1,(anonymous_17)
DA:1,1
DA:3,1
DA:5,1
DA:7,1
DA:10,1
DA:11,0
DA:14,1
DA:15,0
DA:18,1
DA:22,1
DA:26,1
DA:30,1
DA:34,1
LF:13
LH:11
BRDA:10,0,0,0
BRDA:14,1,0,0
BRF:2
BRH:0
end_of_record
